[ 2018-05-21T15:39:10+08:00 ] 127.0.0.1 127.0.0.1 GET /blog/bloggit/public/index.php
[ log ] www.shinkan.com/blog/bloggit/public/index.php [运行时间：0.233756s][吞吐率：4.28req/s] [内存消耗：2,679.64kb] [文件加载：52]
[ info ] [ ROUTE ] array (
  'type' => 'module',
  'module' => 
  array (
    0 => '',
    1 => NULL,
    2 => NULL,
  ),
)
[ info ] [ HEADER ] array (
  'host' => 'www.shinkan.com',
  'cookie' => 'think_var=zh-cn; PHPSESSID=c547bf41a699616c905ffe97978d4baf',
  'connection' => 'keep-alive',
  'upgrade-insecure-requests' => '1',
  'accept' => 'text/html,application/xhtml+xml,application/xml;q=0.9,*/*;q=0.8',
  'user-agent' => 'Mozilla/5.0 (Macintosh; Intel Mac OS X 10_13_4) AppleWebKit/605.1.15 (KHTML, like Gecko) Safari/522.0',
  'accept-language' => 'zh-cn',
  'cache-control' => 'no-cache',
  'accept-encoding' => 'gzip, deflate',
)
[ info ] [ PARAM ] array (
)
[ info ] [ DB ] INIT mysql
[ info ] [ DB ] INIT mysql
[ info ] [ DB ] INIT mysql
[ info ] [ DB ] INIT mysql
[ info ] [ RUN ] Method [ <user> public method index ] {
  @@ /Users/hanjiaqi/Dev/shin/blog/bloggit/application/index/controller/Index.php 6 - 11
}

[ info ] [ DB ] INIT mysql
[ info ] [ VIEW ] /Users/hanjiaqi/Dev/shin/blog/bloggit/public/../application/index/view/index/index.html [ array (
  0 => 'clickres',
  1 => 'tjres',
  2 => 'cateres',
  3 => 'tagres',
  4 => 'articleres',
) ]
[ info ] [ LOG ] INIT File
[ sql ] [ DB ] CONNECT:[ UseTime:0.001131s ] mysql:dbname=blog;host=127.0.0.1;charset=utf8
[ sql ] [ SQL ] SHOW COLUMNS FROM `tp_article` [ RunTime:0.002576s ]
[ sql ] [ SQL ] SELECT * FROM `tp_article` ORDER BY click desc LIMIT 8   [ RunTime:0.002517s ]
[ sql ] [ DB ] CONNECT:[ UseTime:0.000867s ] mysql:dbname=blog;host=127.0.0.1;charset=utf8
[ sql ] [ SQL ] SELECT * FROM `tp_article` WHERE  `state` = 1 ORDER BY click desc LIMIT 8    [ RunTime:0.001258s ]
[ sql ] [ DB ] CONNECT:[ UseTime:0.001726s ] mysql:dbname=blog;host=127.0.0.1;charset=utf8
[ sql ] [ SQL ] SHOW COLUMNS FROM `tp_cate` [ RunTime:0.001725s ]
[ sql ] [ SQL ] SELECT * FROM `tp_cate` ORDER BY id asc  [ RunTime:0.000451s ]
[ sql ] [ DB ] CONNECT:[ UseTime:0.000696s ] mysql:dbname=blog;host=127.0.0.1;charset=utf8
[ sql ] [ SQL ] SHOW COLUMNS FROM `tp_tags` [ RunTime:0.001652s ]
[ sql ] [ SQL ] SELECT * FROM `tp_tags` ORDER BY id desc  [ RunTime:0.001017s ]
[ sql ] [ DB ] CONNECT:[ UseTime:0.001429s ] mysql:dbname=blog;host=127.0.0.1;charset=utf8
[ sql ] [ SQL ] SELECT COUNT(*) AS tp_count FROM `tp_article` ORDER BY id desc LIMIT 1   [ RunTime:0.000917s ]
[ sql ] [ SQL ] SELECT * FROM `tp_article` ORDER BY id desc LIMIT 0,3   [ RunTime:0.001474s ]

---------------------------------------------------------------
[ 2018-05-21T15:39:18+08:00 ] 127.0.0.1 127.0.0.1 GET /blog/bloggit/public/index.php/admin/index/index
[ log ] www.shinkan.com/blog/bloggit/public/index.php/admin/index/index [运行时间：0.055374s][吞吐率：18.06req/s] [内存消耗：1,610.76kb] [文件加载：42]
[ info ] [ ROUTE ] array (
  'type' => 'module',
  'module' => 
  array (
    0 => 'admin',
    1 => 'index',
    2 => 'index',
  ),
)
[ info ] [ HEADER ] array (
  'host' => 'www.shinkan.com',
  'cookie' => 'think_var=zh-cn; PHPSESSID=c547bf41a699616c905ffe97978d4baf',
  'connection' => 'keep-alive',
  'upgrade-insecure-requests' => '1',
  'accept' => 'text/html,application/xhtml+xml,application/xml;q=0.9,*/*;q=0.8',
  'user-agent' => 'Mozilla/5.0 (Macintosh; Intel Mac OS X 10_13_4) AppleWebKit/605.1.15 (KHTML, like Gecko) Safari/522.0',
  'accept-language' => 'zh-cn',
  'cache-control' => 'no-cache',
  'accept-encoding' => 'gzip, deflate',
)
[ info ] [ PARAM ] array (
)
[ info ] [ SESSION ] INIT array (
  'id' => '',
  'var_session_id' => '',
  'prefix' => 'think',
  'type' => '',
  'auto_start' => true,
)
[ info ] [ VIEW ] /Users/hanjiaqi/Dev/shin/blog/bloggit/thinkphp/tpl/dispatch_jump.tpl [ array (
  0 => 'code',
  1 => 'msg',
  2 => 'data',
  3 => 'url',
  4 => 'wait',
) ]
[ info ] [ LOG ] INIT File

---------------------------------------------------------------
[ 2018-05-21T15:39:21+08:00 ] 127.0.0.1 127.0.0.1 GET /blog/bloggit/public/index.php/admin/login/index.html
[ log ] www.shinkan.com/blog/bloggit/public/index.php/admin/login/index.html [运行时间：0.127685s][吞吐率：7.83req/s] [内存消耗：1,564.44kb] [文件加载：39]
[ info ] [ ROUTE ] array (
  'type' => 'module',
  'module' => 
  array (
    0 => 'admin',
    1 => 'login',
    2 => 'index',
  ),
)
[ info ] [ HEADER ] array (
  'host' => 'www.shinkan.com',
  'cookie' => 'think_var=zh-cn; PHPSESSID=c547bf41a699616c905ffe97978d4baf',
  'connection' => 'keep-alive',
  'upgrade-insecure-requests' => '1',
  'accept' => 'text/html,application/xhtml+xml,application/xml;q=0.9,*/*;q=0.8',
  'user-agent' => 'Mozilla/5.0 (Macintosh; Intel Mac OS X 10_13_4) AppleWebKit/605.1.15 (KHTML, like Gecko) Safari/522.0',
  'referer' => 'http://www.shinkan.com/blog/bloggit/public/index.php/admin/index/index',
  'accept-language' => 'zh-cn',
  'accept-encoding' => 'gzip, deflate',
)
[ info ] [ PARAM ] array (
)
[ info ] [ RUN ] Method [ <user> public method index ] {
  @@ /Users/hanjiaqi/Dev/shin/blog/bloggit/application/admin/controller/Login.php 7 - 24
}

[ info ] [ VIEW ] /Users/hanjiaqi/Dev/shin/blog/bloggit/public/../application/admin/view/login/login.htm [ array (
) ]
[ info ] [ LOG ] INIT File

---------------------------------------------------------------
[ 2018-05-21T15:39:22+08:00 ] 127.0.0.1 127.0.0.1 GET /blog/bloggit/public/index.php/captcha.html
[ log ] www.shinkan.com/blog/bloggit/public/index.php/captcha.html [运行时间：0.037297s][吞吐率：26.81req/s] [内存消耗：1,244.92kb] [文件加载：35]
[ info ] [ ROUTE ] array (
  'type' => 'method',
  'method' => 
  array (
    0 => '\\think\\captcha\\CaptchaController',
    1 => 'index',
  ),
)
[ info ] [ HEADER ] array (
  'host' => 'www.shinkan.com',
  'accept' => 'image/png,image/svg+xml,image/*;q=0.8,video/*;q=0.8,*/*;q=0.5',
  'connection' => 'keep-alive',
  'cookie' => 'think_var=zh-cn; PHPSESSID=c547bf41a699616c905ffe97978d4baf',
  'user-agent' => 'Mozilla/5.0 (Macintosh; Intel Mac OS X 10_13_4) AppleWebKit/605.1.15 (KHTML, like Gecko) Safari/522.0',
  'accept-language' => 'zh-cn',
  'referer' => 'http://www.shinkan.com/blog/bloggit/public/index.php/admin/login/index.html',
  'accept-encoding' => 'gzip, deflate',
)
[ info ] [ PARAM ] array (
  'id' => NULL,
)
[ info ] [ RUN ] Method [ <user> public method index ] {
  @@ /Users/hanjiaqi/Dev/shin/blog/bloggit/vendor/topthink/think-captcha/src/CaptchaController.php 18 - 22

  - Parameters [1] {
    Parameter #0 [ <optional> $id = '' ]
  }
}

[ info ] [ LANG ] /Users/hanjiaqi/Dev/shin/blog/bloggit/thinkphp/lang/zh-cn.php
[ info ] [ LANG ] /Users/hanjiaqi/Dev/shin/blog/bloggit/thinkphp/lang/zh-cn.php
[ info ] [ LOG ] INIT File
[ error ] [0]致命错误: Call to undefined function think\captcha\imagettftext()[/Users/hanjiaqi/Dev/shin/blog/bloggit/vendor/topthink/think-captcha/src/Captcha.php:191]

---------------------------------------------------------------
[ 2018-05-21T15:48:11+08:00 ] 127.0.0.1 127.0.0.1 GET /blog/bloggit/public/index.php/admin/login/index.html
[ log ] www.shinkan.com/blog/bloggit/public/index.php/admin/login/index.html [运行时间：0.073867s][吞吐率：13.54req/s] [内存消耗：1,411.88kb] [文件加载：37]
[ info ] [ ROUTE ] array (
  'type' => 'module',
  'module' => 
  array (
    0 => 'admin',
    1 => 'login',
    2 => 'index',
  ),
)
[ info ] [ HEADER ] array (
  'host' => 'www.shinkan.com',
  'cookie' => 'think_var=zh-cn; PHPSESSID=c547bf41a699616c905ffe97978d4baf',
  'connection' => 'keep-alive',
  'upgrade-insecure-requests' => '1',
  'accept' => 'text/html,application/xhtml+xml,application/xml;q=0.9,*/*;q=0.8',
  'user-agent' => 'Mozilla/5.0 (Macintosh; Intel Mac OS X 10_13_4) AppleWebKit/605.1.15 (KHTML, like Gecko) Safari/522.0',
  'referer' => 'http://www.shinkan.com/blog/bloggit/public/index.php/admin/index/index',
  'accept-language' => 'zh-cn',
  'accept-encoding' => 'gzip, deflate',
)
[ info ] [ PARAM ] array (
)
[ info ] [ RUN ] Method [ <user> public method index ] {
  @@ /Users/hanjiaqi/Dev/shin/blog/bloggit/application/admin/controller/Login.php 7 - 24
}

[ info ] [ VIEW ] /Users/hanjiaqi/Dev/shin/blog/bloggit/public/../application/admin/view/login/login.htm [ array (
) ]
[ info ] [ LOG ] INIT File

---------------------------------------------------------------
[ 2018-05-21T15:48:11+08:00 ] 127.0.0.1 127.0.0.1 GET /blog/bloggit/public/index.php/captcha.html
[ log ] www.shinkan.com/blog/bloggit/public/index.php/captcha.html [运行时间：0.040334s][吞吐率：24.79req/s] [内存消耗：1,244.92kb] [文件加载：35]
[ info ] [ ROUTE ] array (
  'type' => 'method',
  'method' => 
  array (
    0 => '\\think\\captcha\\CaptchaController',
    1 => 'index',
  ),
)
[ info ] [ HEADER ] array (
  'host' => 'www.shinkan.com',
  'accept' => 'image/png,image/svg+xml,image/*;q=0.8,video/*;q=0.8,*/*;q=0.5',
  'connection' => 'keep-alive',
  'cookie' => 'think_var=zh-cn; PHPSESSID=c547bf41a699616c905ffe97978d4baf',
  'user-agent' => 'Mozilla/5.0 (Macintosh; Intel Mac OS X 10_13_4) AppleWebKit/605.1.15 (KHTML, like Gecko) Safari/522.0',
  'accept-language' => 'zh-cn',
  'referer' => 'http://www.shinkan.com/blog/bloggit/public/index.php/admin/login/index.html',
  'accept-encoding' => 'gzip, deflate',
)
[ info ] [ PARAM ] array (
  'id' => NULL,
)
[ info ] [ RUN ] Method [ <user> public method index ] {
  @@ /Users/hanjiaqi/Dev/shin/blog/bloggit/vendor/topthink/think-captcha/src/CaptchaController.php 18 - 22

  - Parameters [1] {
    Parameter #0 [ <optional> $id = '' ]
  }
}

[ info ] [ LANG ] /Users/hanjiaqi/Dev/shin/blog/bloggit/thinkphp/lang/zh-cn.php
[ info ] [ LANG ] /Users/hanjiaqi/Dev/shin/blog/bloggit/thinkphp/lang/zh-cn.php
[ info ] [ LOG ] INIT File
[ error ] [0]致命错误: Call to undefined function think\captcha\imagettftext()[/Users/hanjiaqi/Dev/shin/blog/bloggit/vendor/topthink/think-captcha/src/Captcha.php:191]

---------------------------------------------------------------
[ 2018-05-21T15:48:12+08:00 ] 127.0.0.1 127.0.0.1 GET /blog/bloggit/public/index.php/admin/login/index.html
[ log ] www.shinkan.com/blog/bloggit/public/index.php/admin/login/index.html [运行时间：0.037726s][吞吐率：26.51req/s] [内存消耗：1,411.88kb] [文件加载：37]
[ info ] [ ROUTE ] array (
  'type' => 'module',
  'module' => 
  array (
    0 => 'admin',
    1 => 'login',
    2 => 'index',
  ),
)
[ info ] [ HEADER ] array (
  'host' => 'www.shinkan.com',
  'cookie' => 'think_var=zh-cn; PHPSESSID=c547bf41a699616c905ffe97978d4baf',
  'connection' => 'keep-alive',
  'upgrade-insecure-requests' => '1',
  'accept' => 'text/html,application/xhtml+xml,application/xml;q=0.9,*/*;q=0.8',
  'user-agent' => 'Mozilla/5.0 (Macintosh; Intel Mac OS X 10_13_4) AppleWebKit/605.1.15 (KHTML, like Gecko) Safari/522.0',
  'referer' => 'http://www.shinkan.com/blog/bloggit/public/index.php/admin/index/index',
  'accept-language' => 'zh-cn',
  'accept-encoding' => 'gzip, deflate',
)
[ info ] [ PARAM ] array (
)
[ info ] [ RUN ] Method [ <user> public method index ] {
  @@ /Users/hanjiaqi/Dev/shin/blog/bloggit/application/admin/controller/Login.php 7 - 24
}

[ info ] [ VIEW ] /Users/hanjiaqi/Dev/shin/blog/bloggit/public/../application/admin/view/login/login.htm [ array (
) ]
[ info ] [ LOG ] INIT File

---------------------------------------------------------------
[ 2018-05-21T15:48:12+08:00 ] 127.0.0.1 127.0.0.1 GET /blog/bloggit/public/index.php/captcha.html
[ log ] www.shinkan.com/blog/bloggit/public/index.php/captcha.html [运行时间：0.033983s][吞吐率：29.43req/s] [内存消耗：1,245.27kb] [文件加载：35]
[ info ] [ ROUTE ] array (
  'type' => 'method',
  'method' => 
  array (
    0 => '\\think\\captcha\\CaptchaController',
    1 => 'index',
  ),
)
[ info ] [ HEADER ] array (
  'host' => 'www.shinkan.com',
  'accept-encoding' => 'gzip, deflate',
  'cookie' => 'think_var=zh-cn; PHPSESSID=c547bf41a699616c905ffe97978d4baf',
  'connection' => 'keep-alive',
  'accept' => 'image/png,image/svg+xml,image/*;q=0.8,video/*;q=0.8,*/*;q=0.5',
  'user-agent' => 'Mozilla/5.0 (Macintosh; Intel Mac OS X 10_13_4) AppleWebKit/605.1.15 (KHTML, like Gecko) Safari/522.0',
  'accept-language' => 'zh-cn',
  'referer' => 'http://www.shinkan.com/blog/bloggit/public/index.php/admin/login/index.html',
  'cache-control' => 'max-age=0',
)
[ info ] [ PARAM ] array (
  'id' => NULL,
)
[ info ] [ RUN ] Method [ <user> public method index ] {
  @@ /Users/hanjiaqi/Dev/shin/blog/bloggit/vendor/topthink/think-captcha/src/CaptchaController.php 18 - 22

  - Parameters [1] {
    Parameter #0 [ <optional> $id = '' ]
  }
}

[ info ] [ LANG ] /Users/hanjiaqi/Dev/shin/blog/bloggit/thinkphp/lang/zh-cn.php
[ info ] [ LANG ] /Users/hanjiaqi/Dev/shin/blog/bloggit/thinkphp/lang/zh-cn.php
[ info ] [ LOG ] INIT File
[ error ] [0]致命错误: Call to undefined function think\captcha\imagettftext()[/Users/hanjiaqi/Dev/shin/blog/bloggit/vendor/topthink/think-captcha/src/Captcha.php:191]

---------------------------------------------------------------
[ 2018-05-21T15:48:13+08:00 ] 127.0.0.1 127.0.0.1 GET /blog/bloggit/public/index.php/admin/login/index.html
[ log ] www.shinkan.com/blog/bloggit/public/index.php/admin/login/index.html [运行时间：0.023536s][吞吐率：42.49req/s] [内存消耗：1,411.14kb] [文件加载：37]
[ info ] [ ROUTE ] array (
  'type' => 'module',
  'module' => 
  array (
    0 => 'admin',
    1 => 'login',
    2 => 'index',
  ),
)
[ info ] [ HEADER ] array (
  'host' => 'www.shinkan.com',
  'cookie' => 'think_var=zh-cn; PHPSESSID=c547bf41a699616c905ffe97978d4baf',
  'connection' => 'keep-alive',
  'upgrade-insecure-requests' => '1',
  'accept' => 'text/html,application/xhtml+xml,application/xml;q=0.9,*/*;q=0.8',
  'user-agent' => 'Mozilla/5.0 (Macintosh; Intel Mac OS X 10_13_4) AppleWebKit/605.1.15 (KHTML, like Gecko) Safari/522.0',
  'referer' => 'http://www.shinkan.com/blog/bloggit/public/index.php/admin/index/index',
  'accept-language' => 'zh-cn',
  'accept-encoding' => 'gzip, deflate',
)
[ info ] [ PARAM ] array (
)
[ info ] [ RUN ] Method [ <user> public method index ] {
  @@ /Users/hanjiaqi/Dev/shin/blog/bloggit/application/admin/controller/Login.php 7 - 24
}

[ info ] [ VIEW ] /Users/hanjiaqi/Dev/shin/blog/bloggit/public/../application/admin/view/login/login.htm [ array (
) ]
[ info ] [ LOG ] INIT File

---------------------------------------------------------------
[ 2018-05-21T15:48:15+08:00 ] 127.0.0.1 127.0.0.1 GET /blog/bloggit/public/index.php/captcha.html
[ log ] www.shinkan.com/blog/bloggit/public/index.php/captcha.html [运行时间：0.029415s][吞吐率：34.00req/s] [内存消耗：1,246.02kb] [文件加载：35]
[ info ] [ ROUTE ] array (
  'type' => 'method',
  'method' => 
  array (
    0 => '\\think\\captcha\\CaptchaController',
    1 => 'index',
  ),
)
[ info ] [ HEADER ] array (
  'host' => 'www.shinkan.com',
  'accept-encoding' => 'gzip, deflate',
  'cookie' => 'think_var=zh-cn; PHPSESSID=c547bf41a699616c905ffe97978d4baf',
  'connection' => 'keep-alive',
  'accept' => 'image/png,image/svg+xml,image/*;q=0.8,video/*;q=0.8,*/*;q=0.5',
  'user-agent' => 'Mozilla/5.0 (Macintosh; Intel Mac OS X 10_13_4) AppleWebKit/605.1.15 (KHTML, like Gecko) Safari/522.0',
  'accept-language' => 'zh-cn',
  'referer' => 'http://www.shinkan.com/blog/bloggit/public/index.php/admin/login/index.html',
  'cache-control' => 'max-age=0',
)
[ info ] [ PARAM ] array (
  'id' => NULL,
)
[ info ] [ RUN ] Method [ <user> public method index ] {
  @@ /Users/hanjiaqi/Dev/shin/blog/bloggit/vendor/topthink/think-captcha/src/CaptchaController.php 18 - 22

  - Parameters [1] {
    Parameter #0 [ <optional> $id = '' ]
  }
}

[ info ] [ LANG ] /Users/hanjiaqi/Dev/shin/blog/bloggit/thinkphp/lang/zh-cn.php
[ info ] [ LANG ] /Users/hanjiaqi/Dev/shin/blog/bloggit/thinkphp/lang/zh-cn.php
[ info ] [ LOG ] INIT File
[ error ] [0]致命错误: Call to undefined function think\captcha\imagettftext()[/Users/hanjiaqi/Dev/shin/blog/bloggit/vendor/topthink/think-captcha/src/Captcha.php:191]

---------------------------------------------------------------
[ 2018-05-21T15:52:10+08:00 ] 127.0.0.1 127.0.0.1 GET /blog/bloggit/public/index.php/admin/login/index.html
[ log ] www.shinkan.com/blog/bloggit/public/index.php/admin/login/index.html [运行时间：0.068383s][吞吐率：14.62req/s] [内存消耗：1,411.32kb] [文件加载：37]
[ info ] [ ROUTE ] array (
  'type' => 'module',
  'module' => 
  array (
    0 => 'admin',
    1 => 'login',
    2 => 'index',
  ),
)
[ info ] [ HEADER ] array (
  'host' => 'www.shinkan.com',
  'upgrade-insecure-requests' => '1',
  'accept' => 'text/html,application/xhtml+xml,application/xml;q=0.9,*/*;q=0.8',
  'user-agent' => 'Mozilla/5.0 (Macintosh; Intel Mac OS X 10_13_4) AppleWebKit/605.1.15 (KHTML, like Gecko) Version/11.1 Safari/605.1.15',
  'accept-language' => 'zh-cn',
  'accept-encoding' => 'gzip, deflate',
  'connection' => 'keep-alive',
)
[ info ] [ PARAM ] array (
)
[ info ] [ RUN ] Method [ <user> public method index ] {
  @@ /Users/hanjiaqi/Dev/shin/blog/bloggit/application/admin/controller/Login.php 7 - 24
}

[ info ] [ VIEW ] /Users/hanjiaqi/Dev/shin/blog/bloggit/public/../application/admin/view/login/login.htm [ array (
) ]
[ info ] [ LOG ] INIT File

---------------------------------------------------------------
[ 2018-05-21T15:52:10+08:00 ] 127.0.0.1 127.0.0.1 GET /blog/bloggit/public/index.php/captcha.html
[ log ] www.shinkan.com/blog/bloggit/public/index.php/captcha.html [运行时间：0.229058s][吞吐率：4.37req/s] [内存消耗：1,245.30kb] [文件加载：35]
[ info ] [ ROUTE ] array (
  'type' => 'method',
  'method' => 
  array (
    0 => '\\think\\captcha\\CaptchaController',
    1 => 'index',
  ),
)
[ info ] [ HEADER ] array (
  'host' => 'www.shinkan.com',
  'connection' => 'keep-alive',
  'accept' => 'image/png,image/svg+xml,image/*;q=0.8,video/*;q=0.8,*/*;q=0.5',
  'user-agent' => 'Mozilla/5.0 (Macintosh; Intel Mac OS X 10_13_4) AppleWebKit/605.1.15 (KHTML, like Gecko) Version/11.1 Safari/605.1.15',
  'accept-language' => 'zh-cn',
  'referer' => 'http://www.shinkan.com/blog/bloggit/public/index.php/admin/login/index.html',
  'accept-encoding' => 'gzip, deflate',
)
[ info ] [ PARAM ] array (
  'id' => NULL,
)
[ info ] [ RUN ] Method [ <user> public method index ] {
  @@ /Users/hanjiaqi/Dev/shin/blog/bloggit/vendor/topthink/think-captcha/src/CaptchaController.php 18 - 22

  - Parameters [1] {
    Parameter #0 [ <optional> $id = '' ]
  }
}

[ info ] [ LANG ] /Users/hanjiaqi/Dev/shin/blog/bloggit/thinkphp/lang/zh-cn.php
[ info ] [ LANG ] /Users/hanjiaqi/Dev/shin/blog/bloggit/thinkphp/lang/zh-cn.php
[ info ] [ LOG ] INIT File
[ error ] [0]致命错误: Call to undefined function think\captcha\imagettftext()[/Users/hanjiaqi/Dev/shin/blog/bloggit/vendor/topthink/think-captcha/src/Captcha.php:191]

---------------------------------------------------------------
[ 2018-05-21T15:52:12+08:00 ] 127.0.0.1 127.0.0.1 GET /blog/bloggit/public/index.php
[ log ] www.shinkan.com/blog/bloggit/public/index.php [运行时间：0.084505s][吞吐率：11.83req/s] [内存消耗：2,516.27kb] [文件加载：50]
[ info ] [ ROUTE ] array (
  'type' => 'module',
  'module' => 
  array (
    0 => '',
    1 => NULL,
    2 => NULL,
  ),
)
[ info ] [ HEADER ] array (
  'host' => 'www.shinkan.com',
  'accept' => 'text/html,application/xhtml+xml,application/xml;q=0.9,*/*;q=0.8',
  'upgrade-insecure-requests' => '1',
  'cookie' => 'think_var=zh-cn',
  'user-agent' => 'Mozilla/5.0 (Macintosh; Intel Mac OS X 10_13_4) AppleWebKit/605.1.15 (KHTML, like Gecko) Version/11.1 Safari/605.1.15',
  'accept-language' => 'zh-cn',
  'accept-encoding' => 'gzip, deflate',
  'connection' => 'keep-alive',
)
[ info ] [ PARAM ] array (
)
[ info ] [ DB ] INIT mysql
[ info ] [ DB ] INIT mysql
[ info ] [ DB ] INIT mysql
[ info ] [ DB ] INIT mysql
[ info ] [ RUN ] Method [ <user> public method index ] {
  @@ /Users/hanjiaqi/Dev/shin/blog/bloggit/application/index/controller/Index.php 6 - 11
}

[ info ] [ DB ] INIT mysql
[ info ] [ VIEW ] /Users/hanjiaqi/Dev/shin/blog/bloggit/public/../application/index/view/index/index.html [ array (
  0 => 'clickres',
  1 => 'tjres',
  2 => 'cateres',
  3 => 'tagres',
  4 => 'articleres',
) ]
[ info ] [ LOG ] INIT File
[ sql ] [ DB ] CONNECT:[ UseTime:0.003288s ] mysql:dbname=blog;host=127.0.0.1;charset=utf8
[ sql ] [ SQL ] SHOW COLUMNS FROM `tp_article` [ RunTime:0.003970s ]
[ sql ] [ SQL ] SELECT * FROM `tp_article` ORDER BY click desc LIMIT 8   [ RunTime:0.000682s ]
[ sql ] [ DB ] CONNECT:[ UseTime:0.000843s ] mysql:dbname=blog;host=127.0.0.1;charset=utf8
[ sql ] [ SQL ] SELECT * FROM `tp_article` WHERE  `state` = 1 ORDER BY click desc LIMIT 8    [ RunTime:0.001625s ]
[ sql ] [ DB ] CONNECT:[ UseTime:0.001647s ] mysql:dbname=blog;host=127.0.0.1;charset=utf8
[ sql ] [ SQL ] SHOW COLUMNS FROM `tp_cate` [ RunTime:0.002314s ]
[ sql ] [ SQL ] SELECT * FROM `tp_cate` ORDER BY id asc  [ RunTime:0.001189s ]
[ sql ] [ DB ] CONNECT:[ UseTime:0.001055s ] mysql:dbname=blog;host=127.0.0.1;charset=utf8
[ sql ] [ SQL ] SHOW COLUMNS FROM `tp_tags` [ RunTime:0.002618s ]
[ sql ] [ SQL ] SELECT * FROM `tp_tags` ORDER BY id desc  [ RunTime:0.000596s ]
[ sql ] [ DB ] CONNECT:[ UseTime:0.001781s ] mysql:dbname=blog;host=127.0.0.1;charset=utf8
[ sql ] [ SQL ] SELECT COUNT(*) AS tp_count FROM `tp_article` ORDER BY id desc LIMIT 1   [ RunTime:0.001095s ]
[ sql ] [ SQL ] SELECT * FROM `tp_article` ORDER BY id desc LIMIT 0,3   [ RunTime:0.001086s ]

---------------------------------------------------------------
[ 2018-05-21T15:52:14+08:00 ] 127.0.0.1 127.0.0.1 GET /blog/bloggit/public/index.php
[ log ] www.shinkan.com/blog/bloggit/public/index.php [运行时间：0.267489s][吞吐率：3.74req/s] [内存消耗：2,516.27kb] [文件加载：50]
[ info ] [ ROUTE ] array (
  'type' => 'module',
  'module' => 
  array (
    0 => '',
    1 => NULL,
    2 => NULL,
  ),
)
[ info ] [ HEADER ] array (
  'host' => 'www.shinkan.com',
  'accept' => 'text/html,application/xhtml+xml,application/xml;q=0.9,*/*;q=0.8',
  'upgrade-insecure-requests' => '1',
  'cookie' => 'think_var=zh-cn',
  'user-agent' => 'Mozilla/5.0 (Macintosh; Intel Mac OS X 10_13_4) AppleWebKit/605.1.15 (KHTML, like Gecko) Version/11.1 Safari/605.1.15',
  'accept-language' => 'zh-cn',
  'accept-encoding' => 'gzip, deflate',
  'connection' => 'keep-alive',
)
[ info ] [ PARAM ] array (
)
[ info ] [ DB ] INIT mysql
[ info ] [ DB ] INIT mysql
[ info ] [ DB ] INIT mysql
[ info ] [ DB ] INIT mysql
[ info ] [ RUN ] Method [ <user> public method index ] {
  @@ /Users/hanjiaqi/Dev/shin/blog/bloggit/application/index/controller/Index.php 6 - 11
}

[ info ] [ DB ] INIT mysql
[ info ] [ VIEW ] /Users/hanjiaqi/Dev/shin/blog/bloggit/public/../application/index/view/index/index.html [ array (
  0 => 'clickres',
  1 => 'tjres',
  2 => 'cateres',
  3 => 'tagres',
  4 => 'articleres',
) ]
[ info ] [ LOG ] INIT File
[ sql ] [ DB ] CONNECT:[ UseTime:0.046239s ] mysql:dbname=blog;host=127.0.0.1;charset=utf8
[ sql ] [ SQL ] SHOW COLUMNS FROM `tp_article` [ RunTime:0.018492s ]
[ sql ] [ SQL ] SELECT * FROM `tp_article` ORDER BY click desc LIMIT 8   [ RunTime:0.000767s ]
[ sql ] [ DB ] CONNECT:[ UseTime:0.000805s ] mysql:dbname=blog;host=127.0.0.1;charset=utf8
[ sql ] [ SQL ] SELECT * FROM `tp_article` WHERE  `state` = 1 ORDER BY click desc LIMIT 8    [ RunTime:0.001184s ]
[ sql ] [ DB ] CONNECT:[ UseTime:0.000797s ] mysql:dbname=blog;host=127.0.0.1;charset=utf8
[ sql ] [ SQL ] SHOW COLUMNS FROM `tp_cate` [ RunTime:0.005125s ]
[ sql ] [ SQL ] SELECT * FROM `tp_cate` ORDER BY id asc  [ RunTime:0.000876s ]
[ sql ] [ DB ] CONNECT:[ UseTime:0.001080s ] mysql:dbname=blog;host=127.0.0.1;charset=utf8
[ sql ] [ SQL ] SHOW COLUMNS FROM `tp_tags` [ RunTime:0.001753s ]
[ sql ] [ SQL ] SELECT * FROM `tp_tags` ORDER BY id desc  [ RunTime:0.000567s ]
[ sql ] [ DB ] CONNECT:[ UseTime:0.001245s ] mysql:dbname=blog;host=127.0.0.1;charset=utf8
[ sql ] [ SQL ] SELECT COUNT(*) AS tp_count FROM `tp_article` ORDER BY id desc LIMIT 1   [ RunTime:0.001372s ]
[ sql ] [ SQL ] SELECT * FROM `tp_article` ORDER BY id desc LIMIT 0,3   [ RunTime:0.001093s ]

---------------------------------------------------------------
[ 2018-05-21T15:55:28+08:00 ] 127.0.0.1 127.0.0.1 GET /blog/bloggit/public/index.php/admin/login/index.html
[ log ] www.shinkan.com/blog/bloggit/public/index.php/admin/login/index.html [运行时间：0.059324s][吞吐率：16.86req/s] [内存消耗：1,411.88kb] [文件加载：37]
[ info ] [ ROUTE ] array (
  'type' => 'module',
  'module' => 
  array (
    0 => 'admin',
    1 => 'login',
    2 => 'index',
  ),
)
[ info ] [ HEADER ] array (
  'host' => 'www.shinkan.com',
  'cookie' => 'think_var=zh-cn; PHPSESSID=c547bf41a699616c905ffe97978d4baf',
  'connection' => 'keep-alive',
  'upgrade-insecure-requests' => '1',
  'accept' => 'text/html,application/xhtml+xml,application/xml;q=0.9,*/*;q=0.8',
  'user-agent' => 'Mozilla/5.0 (Macintosh; Intel Mac OS X 10_13_4) AppleWebKit/605.1.15 (KHTML, like Gecko) Safari/522.0',
  'referer' => 'http://www.shinkan.com/blog/bloggit/public/index.php/admin/index/index',
  'accept-language' => 'zh-cn',
  'accept-encoding' => 'gzip, deflate',
)
[ info ] [ PARAM ] array (
)
[ info ] [ RUN ] Method [ <user> public method index ] {
  @@ /Users/hanjiaqi/Dev/shin/blog/bloggit/application/admin/controller/Login.php 7 - 24
}

[ info ] [ VIEW ] /Users/hanjiaqi/Dev/shin/blog/bloggit/public/../application/admin/view/login/login.htm [ array (
) ]
[ info ] [ LOG ] INIT File

---------------------------------------------------------------
[ 2018-05-21T15:55:28+08:00 ] 127.0.0.1 127.0.0.1 GET /blog/bloggit/public/index.php/captcha.html
[ log ] www.shinkan.com/blog/bloggit/public/index.php/captcha.html [运行时间：0.114581s][吞吐率：8.73req/s] [内存消耗：1,245.27kb] [文件加载：35]
[ info ] [ ROUTE ] array (
  'type' => 'method',
  'method' => 
  array (
    0 => '\\think\\captcha\\CaptchaController',
    1 => 'index',
  ),
)
[ info ] [ HEADER ] array (
  'host' => 'www.shinkan.com',
  'accept-encoding' => 'gzip, deflate',
  'cookie' => 'think_var=zh-cn; PHPSESSID=c547bf41a699616c905ffe97978d4baf',
  'connection' => 'keep-alive',
  'accept' => 'image/png,image/svg+xml,image/*;q=0.8,video/*;q=0.8,*/*;q=0.5',
  'user-agent' => 'Mozilla/5.0 (Macintosh; Intel Mac OS X 10_13_4) AppleWebKit/605.1.15 (KHTML, like Gecko) Safari/522.0',
  'accept-language' => 'zh-cn',
  'referer' => 'http://www.shinkan.com/blog/bloggit/public/index.php/admin/login/index.html',
  'cache-control' => 'max-age=0',
)
[ info ] [ PARAM ] array (
  'id' => NULL,
)
[ info ] [ RUN ] Method [ <user> public method index ] {
  @@ /Users/hanjiaqi/Dev/shin/blog/bloggit/vendor/topthink/think-captcha/src/CaptchaController.php 18 - 22

  - Parameters [1] {
    Parameter #0 [ <optional> $id = '' ]
  }
}

[ info ] [ LANG ] /Users/hanjiaqi/Dev/shin/blog/bloggit/thinkphp/lang/zh-cn.php
[ info ] [ LANG ] /Users/hanjiaqi/Dev/shin/blog/bloggit/thinkphp/lang/zh-cn.php
[ info ] [ LOG ] INIT File
[ error ] [0]致命错误: Call to undefined function think\captcha\imagettftext()[/Users/hanjiaqi/Dev/shin/blog/bloggit/vendor/topthink/think-captcha/src/Captcha.php:191]

---------------------------------------------------------------
[ 2018-05-21T15:55:29+08:00 ] 127.0.0.1 127.0.0.1 GET /blog/bloggit/public/index.php/admin/login/index.html
[ log ] www.shinkan.com/blog/bloggit/public/index.php/admin/login/index.html [运行时间：0.032735s][吞吐率：30.55req/s] [内存消耗：1,411.14kb] [文件加载：37]
[ info ] [ ROUTE ] array (
  'type' => 'module',
  'module' => 
  array (
    0 => 'admin',
    1 => 'login',
    2 => 'index',
  ),
)
[ info ] [ HEADER ] array (
  'host' => 'www.shinkan.com',
  'cookie' => 'think_var=zh-cn; PHPSESSID=c547bf41a699616c905ffe97978d4baf',
  'connection' => 'keep-alive',
  'upgrade-insecure-requests' => '1',
  'accept' => 'text/html,application/xhtml+xml,application/xml;q=0.9,*/*;q=0.8',
  'user-agent' => 'Mozilla/5.0 (Macintosh; Intel Mac OS X 10_13_4) AppleWebKit/605.1.15 (KHTML, like Gecko) Safari/522.0',
  'referer' => 'http://www.shinkan.com/blog/bloggit/public/index.php/admin/index/index',
  'accept-language' => 'zh-cn',
  'accept-encoding' => 'gzip, deflate',
)
[ info ] [ PARAM ] array (
)
[ info ] [ RUN ] Method [ <user> public method index ] {
  @@ /Users/hanjiaqi/Dev/shin/blog/bloggit/application/admin/controller/Login.php 7 - 24
}

[ info ] [ VIEW ] /Users/hanjiaqi/Dev/shin/blog/bloggit/public/../application/admin/view/login/login.htm [ array (
) ]
[ info ] [ LOG ] INIT File

---------------------------------------------------------------
[ 2018-05-21T15:55:29+08:00 ] 127.0.0.1 127.0.0.1 GET /blog/bloggit/public/index.php/captcha.html
[ log ] www.shinkan.com/blog/bloggit/public/index.php/captcha.html [运行时间：0.030742s][吞吐率：32.53req/s] [内存消耗：1,245.27kb] [文件加载：35]
[ info ] [ ROUTE ] array (
  'type' => 'method',
  'method' => 
  array (
    0 => '\\think\\captcha\\CaptchaController',
    1 => 'index',
  ),
)
[ info ] [ HEADER ] array (
  'host' => 'www.shinkan.com',
  'accept-encoding' => 'gzip, deflate',
  'cookie' => 'think_var=zh-cn; PHPSESSID=c547bf41a699616c905ffe97978d4baf',
  'connection' => 'keep-alive',
  'accept' => 'image/png,image/svg+xml,image/*;q=0.8,video/*;q=0.8,*/*;q=0.5',
  'user-agent' => 'Mozilla/5.0 (Macintosh; Intel Mac OS X 10_13_4) AppleWebKit/605.1.15 (KHTML, like Gecko) Safari/522.0',
  'accept-language' => 'zh-cn',
  'referer' => 'http://www.shinkan.com/blog/bloggit/public/index.php/admin/login/index.html',
  'cache-control' => 'max-age=0',
)
[ info ] [ PARAM ] array (
  'id' => NULL,
)
[ info ] [ RUN ] Method [ <user> public method index ] {
  @@ /Users/hanjiaqi/Dev/shin/blog/bloggit/vendor/topthink/think-captcha/src/CaptchaController.php 18 - 22

  - Parameters [1] {
    Parameter #0 [ <optional> $id = '' ]
  }
}

[ info ] [ LANG ] /Users/hanjiaqi/Dev/shin/blog/bloggit/thinkphp/lang/zh-cn.php
[ info ] [ LANG ] /Users/hanjiaqi/Dev/shin/blog/bloggit/thinkphp/lang/zh-cn.php
[ info ] [ LOG ] INIT File
[ error ] [0]致命错误: Call to undefined function think\captcha\imagettftext()[/Users/hanjiaqi/Dev/shin/blog/bloggit/vendor/topthink/think-captcha/src/Captcha.php:191]

---------------------------------------------------------------
[ 2018-05-21T16:00:10+08:00 ] 127.0.0.1 127.0.0.1 GET /blog/bloggit/public/index.php/admin/login/index.html
[ log ] www.shinkan.com/blog/bloggit/public/index.php/admin/login/index.html [运行时间：0.072655s][吞吐率：13.76req/s] [内存消耗：1,411.88kb] [文件加载：37]
[ info ] [ ROUTE ] array (
  'type' => 'module',
  'module' => 
  array (
    0 => 'admin',
    1 => 'login',
    2 => 'index',
  ),
)
[ info ] [ HEADER ] array (
  'host' => 'www.shinkan.com',
  'cookie' => 'think_var=zh-cn; PHPSESSID=c547bf41a699616c905ffe97978d4baf',
  'connection' => 'keep-alive',
  'upgrade-insecure-requests' => '1',
  'accept' => 'text/html,application/xhtml+xml,application/xml;q=0.9,*/*;q=0.8',
  'user-agent' => 'Mozilla/5.0 (Macintosh; Intel Mac OS X 10_13_4) AppleWebKit/605.1.15 (KHTML, like Gecko) Safari/522.0',
  'referer' => 'http://www.shinkan.com/blog/bloggit/public/index.php/admin/index/index',
  'accept-language' => 'zh-cn',
  'accept-encoding' => 'gzip, deflate',
)
[ info ] [ PARAM ] array (
)
[ info ] [ RUN ] Method [ <user> public method index ] {
  @@ /Users/hanjiaqi/Dev/shin/blog/bloggit/application/admin/controller/Login.php 7 - 24
}

[ info ] [ VIEW ] /Users/hanjiaqi/Dev/shin/blog/bloggit/public/../application/admin/view/login/login.htm [ array (
) ]
[ info ] [ LOG ] INIT File

---------------------------------------------------------------
[ 2018-05-21T16:00:12+08:00 ] 127.0.0.1 127.0.0.1 GET /blog/bloggit/public/index.php/captcha.html
[ log ] www.shinkan.com/blog/bloggit/public/index.php/captcha.html [运行时间：0.156304s][吞吐率：6.40req/s] [内存消耗：1,246.02kb] [文件加载：35]
[ info ] [ ROUTE ] array (
  'type' => 'method',
  'method' => 
  array (
    0 => '\\think\\captcha\\CaptchaController',
    1 => 'index',
  ),
)
[ info ] [ HEADER ] array (
  'host' => 'www.shinkan.com',
  'accept-encoding' => 'gzip, deflate',
  'cookie' => 'think_var=zh-cn; PHPSESSID=c547bf41a699616c905ffe97978d4baf',
  'connection' => 'keep-alive',
  'accept' => 'image/png,image/svg+xml,image/*;q=0.8,video/*;q=0.8,*/*;q=0.5',
  'user-agent' => 'Mozilla/5.0 (Macintosh; Intel Mac OS X 10_13_4) AppleWebKit/605.1.15 (KHTML, like Gecko) Safari/522.0',
  'accept-language' => 'zh-cn',
  'referer' => 'http://www.shinkan.com/blog/bloggit/public/index.php/admin/login/index.html',
  'cache-control' => 'max-age=0',
)
[ info ] [ PARAM ] array (
  'id' => NULL,
)
[ info ] [ RUN ] Method [ <user> public method index ] {
  @@ /Users/hanjiaqi/Dev/shin/blog/bloggit/vendor/topthink/think-captcha/src/CaptchaController.php 18 - 22

  - Parameters [1] {
    Parameter #0 [ <optional> $id = '' ]
  }
}

[ info ] [ LANG ] /Users/hanjiaqi/Dev/shin/blog/bloggit/thinkphp/lang/zh-cn.php
[ info ] [ LANG ] /Users/hanjiaqi/Dev/shin/blog/bloggit/thinkphp/lang/zh-cn.php
[ info ] [ LOG ] INIT File
[ error ] [0]致命错误: Call to undefined function think\captcha\imagettftext()[/Users/hanjiaqi/Dev/shin/blog/bloggit/vendor/topthink/think-captcha/src/Captcha.php:191]

---------------------------------------------------------------
[ 2018-05-21T16:00:25+08:00 ] 127.0.0.1 127.0.0.1 POST /blog/bloggit/public/index.php/admin/login/index.html
[ log ] www.shinkan.com/blog/bloggit/public/index.php/admin/login/index.html [运行时间：0.047650s][吞吐率：20.99req/s] [内存消耗：2,180.56kb] [文件加载：45]
[ info ] [ ROUTE ] array (
  'type' => 'module',
  'module' => 
  array (
    0 => 'admin',
    1 => 'login',
    2 => 'index',
  ),
)
[ info ] [ HEADER ] array (
  'host' => 'www.shinkan.com',
  'accept' => 'text/html,application/xhtml+xml,application/xml;q=0.9,*/*;q=0.8',
  'accept-language' => 'zh-cn',
  'accept-encoding' => 'gzip, deflate',
  'origin' => 'http://www.shinkan.com',
  'connection' => 'keep-alive',
  'upgrade-insecure-requests' => '1',
  'user-agent' => 'Mozilla/5.0 (Macintosh; Intel Mac OS X 10_13_4) AppleWebKit/605.1.15 (KHTML, like Gecko) Safari/522.0',
  'referer' => 'http://www.shinkan.com/blog/bloggit/public/index.php/admin/login/index.html',
  'cookie' => 'think_var=zh-cn; PHPSESSID=c547bf41a699616c905ffe97978d4baf',
  'content-type' => 'application/x-www-form-urlencoded',
  'content-length' => '30',
)
[ info ] [ PARAM ] array (
  'username' => 'admin',
  'password' => '',
  'code' => '',
)
[ info ] [ RUN ] Method [ <user> public method index ] {
  @@ /Users/hanjiaqi/Dev/shin/blog/bloggit/application/admin/controller/Login.php 7 - 24
}

[ info ] [ DB ] INIT mysql
[ info ] [ SESSION ] INIT array (
  'id' => '',
  'var_session_id' => '',
  'prefix' => 'think',
  'type' => '',
  'auto_start' => true,
)
[ info ] [ VIEW ] /Users/hanjiaqi/Dev/shin/blog/bloggit/thinkphp/tpl/dispatch_jump.tpl [ array (
  0 => 'code',
  1 => 'msg',
  2 => 'data',
  3 => 'url',
  4 => 'wait',
) ]
[ info ] [ LOG ] INIT File

---------------------------------------------------------------
[ 2018-05-21T16:09:01+08:00 ] 127.0.0.1 127.0.0.1 GET /blog/bloggit/public/index.php/admin/login/index.html
[ log ] www.shinkan.com/blog/bloggit/public/index.php/admin/login/index.html [运行时间：0.063724s][吞吐率：15.69req/s] [内存消耗：1,411.88kb] [文件加载：37]
[ info ] [ ROUTE ] array (
  'type' => 'module',
  'module' => 
  array (
    0 => 'admin',
    1 => 'login',
    2 => 'index',
  ),
)
[ info ] [ HEADER ] array (
  'host' => 'www.shinkan.com',
  'cookie' => 'think_var=zh-cn; PHPSESSID=c547bf41a699616c905ffe97978d4baf',
  'connection' => 'keep-alive',
  'upgrade-insecure-requests' => '1',
  'accept' => 'text/html,application/xhtml+xml,application/xml;q=0.9,*/*;q=0.8',
  'user-agent' => 'Mozilla/5.0 (Macintosh; Intel Mac OS X 10_13_4) AppleWebKit/605.1.15 (KHTML, like Gecko) Safari/522.0',
  'referer' => 'http://www.shinkan.com/blog/bloggit/public/index.php/admin/index/index',
  'accept-language' => 'zh-cn',
  'accept-encoding' => 'gzip, deflate',
)
[ info ] [ PARAM ] array (
)
[ info ] [ RUN ] Method [ <user> public method index ] {
  @@ /Users/hanjiaqi/Dev/shin/blog/bloggit/application/admin/controller/Login.php 7 - 24
}

[ info ] [ VIEW ] /Users/hanjiaqi/Dev/shin/blog/bloggit/public/../application/admin/view/login/login.htm [ array (
) ]
[ info ] [ LOG ] INIT File

---------------------------------------------------------------
[ 2018-05-21T16:09:01+08:00 ] 127.0.0.1 127.0.0.1 GET /blog/bloggit/public/index.php/captcha.html
[ log ] www.shinkan.com/blog/bloggit/public/index.php/captcha.html [运行时间：0.070423s][吞吐率：14.20req/s] [内存消耗：1,245.27kb] [文件加载：35]
[ info ] [ ROUTE ] array (
  'type' => 'method',
  'method' => 
  array (
    0 => '\\think\\captcha\\CaptchaController',
    1 => 'index',
  ),
)
[ info ] [ HEADER ] array (
  'host' => 'www.shinkan.com',
  'accept-encoding' => 'gzip, deflate',
  'cookie' => 'think_var=zh-cn; PHPSESSID=c547bf41a699616c905ffe97978d4baf',
  'connection' => 'keep-alive',
  'accept' => 'image/png,image/svg+xml,image/*;q=0.8,video/*;q=0.8,*/*;q=0.5',
  'user-agent' => 'Mozilla/5.0 (Macintosh; Intel Mac OS X 10_13_4) AppleWebKit/605.1.15 (KHTML, like Gecko) Safari/522.0',
  'accept-language' => 'zh-cn',
  'referer' => 'http://www.shinkan.com/blog/bloggit/public/index.php/admin/login/index.html',
  'cache-control' => 'max-age=0',
)
[ info ] [ PARAM ] array (
  'id' => NULL,
)
[ info ] [ RUN ] Method [ <user> public method index ] {
  @@ /Users/hanjiaqi/Dev/shin/blog/bloggit/vendor/topthink/think-captcha/src/CaptchaController.php 18 - 22

  - Parameters [1] {
    Parameter #0 [ <optional> $id = '' ]
  }
}

[ info ] [ LANG ] /Users/hanjiaqi/Dev/shin/blog/bloggit/thinkphp/lang/zh-cn.php
[ info ] [ LANG ] /Users/hanjiaqi/Dev/shin/blog/bloggit/thinkphp/lang/zh-cn.php
[ info ] [ LOG ] INIT File
[ error ] [0]致命错误: Call to undefined function think\captcha\imagettftext()[/Users/hanjiaqi/Dev/shin/blog/bloggit/vendor/topthink/think-captcha/src/Captcha.php:191]

---------------------------------------------------------------
[ 2018-05-21T16:09:05+08:00 ] 127.0.0.1 127.0.0.1 GET /blog/bloggit/public/index.php/admin/login/index.html
[ log ] www.shinkan.com/blog/bloggit/public/index.php/admin/login/index.html [运行时间：0.026448s][吞吐率：37.81req/s] [内存消耗：1,411.14kb] [文件加载：37]
[ info ] [ ROUTE ] array (
  'type' => 'module',
  'module' => 
  array (
    0 => 'admin',
    1 => 'login',
    2 => 'index',
  ),
)
[ info ] [ HEADER ] array (
  'host' => 'www.shinkan.com',
  'cookie' => 'think_var=zh-cn; PHPSESSID=c547bf41a699616c905ffe97978d4baf',
  'connection' => 'keep-alive',
  'upgrade-insecure-requests' => '1',
  'accept' => 'text/html,application/xhtml+xml,application/xml;q=0.9,*/*;q=0.8',
  'user-agent' => 'Mozilla/5.0 (Macintosh; Intel Mac OS X 10_13_4) AppleWebKit/605.1.15 (KHTML, like Gecko) Safari/522.0',
  'referer' => 'http://www.shinkan.com/blog/bloggit/public/index.php/admin/index/index',
  'accept-language' => 'zh-cn',
  'accept-encoding' => 'gzip, deflate',
)
[ info ] [ PARAM ] array (
)
[ info ] [ RUN ] Method [ <user> public method index ] {
  @@ /Users/hanjiaqi/Dev/shin/blog/bloggit/application/admin/controller/Login.php 7 - 24
}

[ info ] [ VIEW ] /Users/hanjiaqi/Dev/shin/blog/bloggit/public/../application/admin/view/login/login.htm [ array (
) ]
[ info ] [ LOG ] INIT File

---------------------------------------------------------------
[ 2018-05-21T16:09:05+08:00 ] 127.0.0.1 127.0.0.1 GET /blog/bloggit/public/index.php/captcha.html
[ log ] www.shinkan.com/blog/bloggit/public/index.php/captcha.html [运行时间：0.049758s][吞吐率：20.10req/s] [内存消耗：1,246.02kb] [文件加载：35]
[ info ] [ ROUTE ] array (
  'type' => 'method',
  'method' => 
  array (
    0 => '\\think\\captcha\\CaptchaController',
    1 => 'index',
  ),
)
[ info ] [ HEADER ] array (
  'host' => 'www.shinkan.com',
  'accept-encoding' => 'gzip, deflate',
  'cookie' => 'think_var=zh-cn; PHPSESSID=c547bf41a699616c905ffe97978d4baf',
  'connection' => 'keep-alive',
  'accept' => 'image/png,image/svg+xml,image/*;q=0.8,video/*;q=0.8,*/*;q=0.5',
  'user-agent' => 'Mozilla/5.0 (Macintosh; Intel Mac OS X 10_13_4) AppleWebKit/605.1.15 (KHTML, like Gecko) Safari/522.0',
  'accept-language' => 'zh-cn',
  'referer' => 'http://www.shinkan.com/blog/bloggit/public/index.php/admin/login/index.html',
  'cache-control' => 'max-age=0',
)
[ info ] [ PARAM ] array (
  'id' => NULL,
)
[ info ] [ RUN ] Method [ <user> public method index ] {
  @@ /Users/hanjiaqi/Dev/shin/blog/bloggit/vendor/topthink/think-captcha/src/CaptchaController.php 18 - 22

  - Parameters [1] {
    Parameter #0 [ <optional> $id = '' ]
  }
}

[ info ] [ LANG ] /Users/hanjiaqi/Dev/shin/blog/bloggit/thinkphp/lang/zh-cn.php
[ info ] [ LANG ] /Users/hanjiaqi/Dev/shin/blog/bloggit/thinkphp/lang/zh-cn.php
[ info ] [ LOG ] INIT File
[ error ] [0]致命错误: Call to undefined function think\captcha\imagettftext()[/Users/hanjiaqi/Dev/shin/blog/bloggit/vendor/topthink/think-captcha/src/Captcha.php:191]

---------------------------------------------------------------
[ 2018-05-21T16:09:10+08:00 ] 127.0.0.1 127.0.0.1 POST /blog/bloggit/public/index.php/admin/login/index.html
[ log ] www.shinkan.com/blog/bloggit/public/index.php/admin/login/index.html [运行时间：0.094246s][吞吐率：10.61req/s] [内存消耗：2,179.82kb] [文件加载：45]
[ info ] [ ROUTE ] array (
  'type' => 'module',
  'module' => 
  array (
    0 => 'admin',
    1 => 'login',
    2 => 'index',
  ),
)
[ info ] [ HEADER ] array (
  'host' => 'www.shinkan.com',
  'accept' => 'text/html,application/xhtml+xml,application/xml;q=0.9,*/*;q=0.8',
  'accept-language' => 'zh-cn',
  'accept-encoding' => 'gzip, deflate',
  'origin' => 'http://www.shinkan.com',
  'connection' => 'keep-alive',
  'upgrade-insecure-requests' => '1',
  'user-agent' => 'Mozilla/5.0 (Macintosh; Intel Mac OS X 10_13_4) AppleWebKit/605.1.15 (KHTML, like Gecko) Safari/522.0',
  'referer' => 'http://www.shinkan.com/blog/bloggit/public/index.php/admin/login/index.html',
  'cookie' => 'think_var=zh-cn; PHPSESSID=c547bf41a699616c905ffe97978d4baf',
  'content-type' => 'application/x-www-form-urlencoded',
  'content-length' => '36',
)
[ info ] [ PARAM ] array (
  'username' => 'admin',
  'password' => '123456',
  'code' => '',
)
[ info ] [ RUN ] Method [ <user> public method index ] {
  @@ /Users/hanjiaqi/Dev/shin/blog/bloggit/application/admin/controller/Login.php 7 - 24
}

[ info ] [ DB ] INIT mysql
[ info ] [ SESSION ] INIT array (
  'id' => '',
  'var_session_id' => '',
  'prefix' => 'think',
  'type' => '',
  'auto_start' => true,
)
[ info ] [ VIEW ] /Users/hanjiaqi/Dev/shin/blog/bloggit/thinkphp/tpl/dispatch_jump.tpl [ array (
  0 => 'code',
  1 => 'msg',
  2 => 'data',
  3 => 'url',
  4 => 'wait',
) ]
[ info ] [ LOG ] INIT File

---------------------------------------------------------------
[ 2018-05-21T16:14:15+08:00 ] 127.0.0.1 127.0.0.1 GET /blog/bloggit/public/index.php/admin/login/index.html
[ log ] www.shinkan.com/blog/bloggit/public/index.php/admin/login/index.html [运行时间：0.166028s][吞吐率：6.02req/s] [内存消耗：1,411.41kb] [文件加载：37]
[ info ] [ ROUTE ] array (
  'type' => 'module',
  'module' => 
  array (
    0 => 'admin',
    1 => 'login',
    2 => 'index',
  ),
)
[ info ] [ HEADER ] array (
  'host' => 'www.shinkan.com',
  'accept' => 'text/html,application/xhtml+xml,application/xml;q=0.9,*/*;q=0.8',
  'upgrade-insecure-requests' => '1',
  'cookie' => 'think_var=zh-cn',
  'user-agent' => 'Mozilla/5.0 (Macintosh; Intel Mac OS X 10_13_4) AppleWebKit/605.1.15 (KHTML, like Gecko) Version/11.1 Safari/605.1.15',
  'accept-language' => 'zh-cn',
  'accept-encoding' => 'gzip, deflate',
  'connection' => 'keep-alive',
)
[ info ] [ PARAM ] array (
)
[ info ] [ RUN ] Method [ <user> public method index ] {
  @@ /Users/hanjiaqi/Dev/shin/blog/bloggit/application/admin/controller/Login.php 7 - 24
}

[ info ] [ VIEW ] /Users/hanjiaqi/Dev/shin/blog/bloggit/public/../application/admin/view/login/login.htm [ array (
) ]
[ info ] [ LOG ] INIT File

---------------------------------------------------------------
[ 2018-05-21T16:14:15+08:00 ] 127.0.0.1 127.0.0.1 GET /blog/bloggit/public/index.php/captcha.html
[ log ] www.shinkan.com/blog/bloggit/public/index.php/captcha.html [运行时间：0.168011s][吞吐率：5.95req/s] [内存消耗：1,245.66kb] [文件加载：35]
[ info ] [ ROUTE ] array (
  'type' => 'method',
  'method' => 
  array (
    0 => '\\think\\captcha\\CaptchaController',
    1 => 'index',
  ),
)
[ info ] [ HEADER ] array (
  'host' => 'www.shinkan.com',
  'accept' => 'image/png,image/svg+xml,image/*;q=0.8,video/*;q=0.8,*/*;q=0.5',
  'connection' => 'keep-alive',
  'cookie' => 'think_var=zh-cn',
  'user-agent' => 'Mozilla/5.0 (Macintosh; Intel Mac OS X 10_13_4) AppleWebKit/605.1.15 (KHTML, like Gecko) Version/11.1 Safari/605.1.15',
  'accept-language' => 'zh-cn',
  'referer' => 'http://www.shinkan.com/blog/bloggit/public/index.php/admin/login/index.html',
  'accept-encoding' => 'gzip, deflate',
)
[ info ] [ PARAM ] array (
  'id' => NULL,
)
[ info ] [ RUN ] Method [ <user> public method index ] {
  @@ /Users/hanjiaqi/Dev/shin/blog/bloggit/vendor/topthink/think-captcha/src/CaptchaController.php 18 - 22

  - Parameters [1] {
    Parameter #0 [ <optional> $id = '' ]
  }
}

[ info ] [ LANG ] /Users/hanjiaqi/Dev/shin/blog/bloggit/thinkphp/lang/zh-cn.php
[ info ] [ LANG ] /Users/hanjiaqi/Dev/shin/blog/bloggit/thinkphp/lang/zh-cn.php
[ info ] [ LOG ] INIT File
[ error ] [0]致命错误: Call to undefined function think\captcha\imagettftext()[/Users/hanjiaqi/Dev/shin/blog/bloggit/vendor/topthink/think-captcha/src/Captcha.php:191]

---------------------------------------------------------------
[ 2018-05-21T16:14:15+08:00 ] 127.0.0.1 127.0.0.1 GET /blog/bloggit/public/index.php/captcha.html
[ log ] www.shinkan.com/blog/bloggit/public/index.php/captcha.html [运行时间：0.070647s][吞吐率：14.15req/s] [内存消耗：1,244.92kb] [文件加载：35]
[ info ] [ ROUTE ] array (
  'type' => 'method',
  'method' => 
  array (
    0 => '\\think\\captcha\\CaptchaController',
    1 => 'index',
  ),
)
[ info ] [ HEADER ] array (
  'host' => 'www.shinkan.com',
  'accept' => 'image/png,image/svg+xml,image/*;q=0.8,video/*;q=0.8,*/*;q=0.5',
  'connection' => 'keep-alive',
  'cookie' => 'think_var=zh-cn',
  'user-agent' => 'Mozilla/5.0 (Macintosh; Intel Mac OS X 10_13_4) AppleWebKit/605.1.15 (KHTML, like Gecko) Version/11.1 Safari/605.1.15',
  'accept-language' => 'zh-cn',
  'referer' => 'http://www.shinkan.com/blog/bloggit/public/index.php/admin/login/index.html',
  'accept-encoding' => 'gzip, deflate',
)
[ info ] [ PARAM ] array (
  'id' => NULL,
)
[ info ] [ RUN ] Method [ <user> public method index ] {
  @@ /Users/hanjiaqi/Dev/shin/blog/bloggit/vendor/topthink/think-captcha/src/CaptchaController.php 18 - 22

  - Parameters [1] {
    Parameter #0 [ <optional> $id = '' ]
  }
}

[ info ] [ LANG ] /Users/hanjiaqi/Dev/shin/blog/bloggit/thinkphp/lang/zh-cn.php
[ info ] [ LANG ] /Users/hanjiaqi/Dev/shin/blog/bloggit/thinkphp/lang/zh-cn.php
[ info ] [ LOG ] INIT File
[ error ] [0]致命错误: Call to undefined function think\captcha\imagettftext()[/Users/hanjiaqi/Dev/shin/blog/bloggit/vendor/topthink/think-captcha/src/Captcha.php:191]

---------------------------------------------------------------
[ 2018-05-21T16:14:19+08:00 ] 127.0.0.1 127.0.0.1 GET /blog/bloggit/public/index.php/captcha.html?0.6685564538994186
[ log ] www.shinkan.com/blog/bloggit/public/index.php/captcha.html?0.6685564538994186 [运行时间：0.037984s][吞吐率：26.33req/s] [内存消耗：1,244.97kb] [文件加载：35]
[ info ] [ ROUTE ] array (
  'type' => 'method',
  'method' => 
  array (
    0 => '\\think\\captcha\\CaptchaController',
    1 => 'index',
  ),
)
[ info ] [ HEADER ] array (
  'host' => 'www.shinkan.com',
  'accept' => 'image/png,image/svg+xml,image/*;q=0.8,video/*;q=0.8,*/*;q=0.5',
  'connection' => 'keep-alive',
  'cookie' => 'think_var=zh-cn',
  'user-agent' => 'Mozilla/5.0 (Macintosh; Intel Mac OS X 10_13_4) AppleWebKit/605.1.15 (KHTML, like Gecko) Version/11.1 Safari/605.1.15',
  'accept-language' => 'zh-cn',
  'referer' => 'http://www.shinkan.com/blog/bloggit/public/index.php/admin/login/index.html',
  'accept-encoding' => 'gzip, deflate',
)
[ info ] [ PARAM ] array (
  '0_6685564538994186' => '',
  'id' => NULL,
)
[ info ] [ RUN ] Method [ <user> public method index ] {
  @@ /Users/hanjiaqi/Dev/shin/blog/bloggit/vendor/topthink/think-captcha/src/CaptchaController.php 18 - 22

  - Parameters [1] {
    Parameter #0 [ <optional> $id = '' ]
  }
}

[ info ] [ LANG ] /Users/hanjiaqi/Dev/shin/blog/bloggit/thinkphp/lang/zh-cn.php
[ info ] [ LANG ] /Users/hanjiaqi/Dev/shin/blog/bloggit/thinkphp/lang/zh-cn.php
[ info ] [ LOG ] INIT File
[ error ] [0]致命错误: Call to undefined function think\captcha\imagettftext()[/Users/hanjiaqi/Dev/shin/blog/bloggit/vendor/topthink/think-captcha/src/Captcha.php:191]

---------------------------------------------------------------
[ 2018-05-21T16:14:28+08:00 ] 127.0.0.1 127.0.0.1 GET /blog/bloggit/public/index.php/captcha.html?0.6685564538994186
[ log ] www.shinkan.com/blog/bloggit/public/index.php/captcha.html?0.6685564538994186 [运行时间：0.035774s][吞吐率：27.95req/s] [内存消耗：1,245.61kb] [文件加载：35]
[ info ] [ ROUTE ] array (
  'type' => 'method',
  'method' => 
  array (
    0 => '\\think\\captcha\\CaptchaController',
    1 => 'index',
  ),
)
[ info ] [ HEADER ] array (
  'host' => 'www.shinkan.com',
  'accept' => 'text/html,application/xhtml+xml,application/xml;q=0.9,*/*;q=0.8',
  'upgrade-insecure-requests' => '1',
  'cookie' => 'think_var=zh-cn',
  'user-agent' => 'Mozilla/5.0 (Macintosh; Intel Mac OS X 10_13_4) AppleWebKit/605.1.15 (KHTML, like Gecko) Version/11.1 Safari/605.1.15',
  'accept-language' => 'zh-cn',
  'accept-encoding' => 'gzip, deflate',
  'connection' => 'keep-alive',
)
[ info ] [ PARAM ] array (
  '0_6685564538994186' => '',
  'id' => NULL,
)
[ info ] [ RUN ] Method [ <user> public method index ] {
  @@ /Users/hanjiaqi/Dev/shin/blog/bloggit/vendor/topthink/think-captcha/src/CaptchaController.php 18 - 22

  - Parameters [1] {
    Parameter #0 [ <optional> $id = '' ]
  }
}

[ info ] [ LANG ] /Users/hanjiaqi/Dev/shin/blog/bloggit/thinkphp/lang/zh-cn.php
[ info ] [ LANG ] /Users/hanjiaqi/Dev/shin/blog/bloggit/thinkphp/lang/zh-cn.php
[ info ] [ LOG ] INIT File
[ error ] [0]致命错误: Call to undefined function think\captcha\imagettftext()[/Users/hanjiaqi/Dev/shin/blog/bloggit/vendor/topthink/think-captcha/src/Captcha.php:191]

---------------------------------------------------------------
[ 2018-05-21T16:34:17+08:00 ] 127.0.0.1 127.0.0.1 GET /blog/bloggit/public/index.php/captcha.html?0.6685564538994186
[ log ] www.shinkan.com/blog/bloggit/public/index.php/captcha.html?0.6685564538994186 [运行时间：0.412870s][吞吐率：2.42req/s] [内存消耗：1,245.61kb] [文件加载：35]
[ info ] [ ROUTE ] array (
  'type' => 'method',
  'method' => 
  array (
    0 => '\\think\\captcha\\CaptchaController',
    1 => 'index',
  ),
)
[ info ] [ HEADER ] array (
  'host' => 'www.shinkan.com',
  'accept' => 'text/html,application/xhtml+xml,application/xml;q=0.9,*/*;q=0.8',
  'upgrade-insecure-requests' => '1',
  'cookie' => 'think_var=zh-cn',
  'user-agent' => 'Mozilla/5.0 (Macintosh; Intel Mac OS X 10_13_4) AppleWebKit/605.1.15 (KHTML, like Gecko) Version/11.1 Safari/605.1.15',
  'accept-language' => 'zh-cn',
  'accept-encoding' => 'gzip, deflate',
  'connection' => 'keep-alive',
)
[ info ] [ PARAM ] array (
  '0_6685564538994186' => '',
  'id' => NULL,
)
[ info ] [ RUN ] Method [ <user> public method index ] {
  @@ /Users/hanjiaqi/Dev/shin/blog/bloggit/vendor/topthink/think-captcha/src/CaptchaController.php 18 - 22

  - Parameters [1] {
    Parameter #0 [ <optional> $id = '' ]
  }
}

[ info ] [ LANG ] /Users/hanjiaqi/Dev/shin/blog/bloggit/thinkphp/lang/zh-cn.php
[ info ] [ LANG ] /Users/hanjiaqi/Dev/shin/blog/bloggit/thinkphp/lang/zh-cn.php
[ info ] [ LOG ] INIT File
[ error ] [0]致命错误: Call to undefined function think\captcha\imagettftext()[/Users/hanjiaqi/Dev/shin/blog/bloggit/vendor/topthink/think-captcha/src/Captcha.php:191]

---------------------------------------------------------------
[ 2018-05-21T20:42:48+08:00 ] 127.0.0.1 127.0.0.1 GET /blog/bloggit/public/index.php/admin/login/index.html
[ log ] www.shinkan.com/blog/bloggit/public/index.php/admin/login/index.html [运行时间：0.096763s][吞吐率：10.33req/s] [内存消耗：1,411.88kb] [文件加载：37]
[ info ] [ ROUTE ] array (
  'type' => 'module',
  'module' => 
  array (
    0 => 'admin',
    1 => 'login',
    2 => 'index',
  ),
)
[ info ] [ HEADER ] array (
  'host' => 'www.shinkan.com',
  'cookie' => 'PHPSESSID=c547bf41a699616c905ffe97978d4baf',
  'connection' => 'keep-alive',
  'upgrade-insecure-requests' => '1',
  'accept' => 'text/html,application/xhtml+xml,application/xml;q=0.9,*/*;q=0.8',
  'user-agent' => 'Mozilla/5.0 (Macintosh; Intel Mac OS X 10_13_4) AppleWebKit/605.1.15 (KHTML, like Gecko) Safari/522.0',
  'referer' => 'http://www.shinkan.com/blog/bloggit/public/index.php/admin/index/index',
  'accept-language' => 'zh-cn',
  'accept-encoding' => 'gzip, deflate',
)
[ info ] [ PARAM ] array (
)
[ info ] [ RUN ] Method [ <user> public method index ] {
  @@ /Users/hanjiaqi/Dev/shin/blog/bloggit/application/admin/controller/Login.php 7 - 24
}

[ info ] [ VIEW ] /Users/hanjiaqi/Dev/shin/blog/bloggit/public/../application/admin/view/login/login.htm [ array (
) ]
[ info ] [ LOG ] INIT File

---------------------------------------------------------------
[ 2018-05-21T20:42:49+08:00 ] 127.0.0.1 127.0.0.1 GET /blog/bloggit/public/index.php/captcha.html
[ log ] www.shinkan.com/blog/bloggit/public/index.php/captcha.html [运行时间：0.044072s][吞吐率：22.69req/s] [内存消耗：1,245.80kb] [文件加载：35]
[ info ] [ ROUTE ] array (
  'type' => 'method',
  'method' => 
  array (
    0 => '\\think\\captcha\\CaptchaController',
    1 => 'index',
  ),
)
[ info ] [ HEADER ] array (
  'host' => 'www.shinkan.com',
  'accept-encoding' => 'gzip, deflate',
  'cookie' => 'PHPSESSID=c547bf41a699616c905ffe97978d4baf',
  'connection' => 'keep-alive',
  'accept' => 'image/png,image/svg+xml,image/*;q=0.8,video/*;q=0.8,*/*;q=0.5',
  'user-agent' => 'Mozilla/5.0 (Macintosh; Intel Mac OS X 10_13_4) AppleWebKit/605.1.15 (KHTML, like Gecko) Safari/522.0',
  'accept-language' => 'zh-cn',
  'referer' => 'http://www.shinkan.com/blog/bloggit/public/index.php/admin/login/index.html',
  'cache-control' => 'max-age=0',
)
[ info ] [ PARAM ] array (
  'id' => NULL,
)
[ info ] [ RUN ] Method [ <user> public method index ] {
  @@ /Users/hanjiaqi/Dev/shin/blog/bloggit/vendor/topthink/think-captcha/src/CaptchaController.php 18 - 22

  - Parameters [1] {
    Parameter #0 [ <optional> $id = '' ]
  }
}

[ info ] [ LANG ] /Users/hanjiaqi/Dev/shin/blog/bloggit/thinkphp/lang/zh-cn.php
[ info ] [ LANG ] /Users/hanjiaqi/Dev/shin/blog/bloggit/thinkphp/lang/zh-cn.php
[ info ] [ LOG ] INIT File
[ error ] [0]致命错误: Call to undefined function think\captcha\imagettftext()[/Users/hanjiaqi/Dev/shin/blog/bloggit/vendor/topthink/think-captcha/src/Captcha.php:191]

---------------------------------------------------------------
[ 2018-05-21T20:42:53+08:00 ] 127.0.0.1 127.0.0.1 GET /blog/bloggit/public/index.php/admin/login/index.html
[ log ] www.shinkan.com/blog/bloggit/public/index.php/admin/login/index.html [运行时间：0.022265s][吞吐率：44.91req/s] [内存消耗：1,411.88kb] [文件加载：37]
[ info ] [ ROUTE ] array (
  'type' => 'module',
  'module' => 
  array (
    0 => 'admin',
    1 => 'login',
    2 => 'index',
  ),
)
[ info ] [ HEADER ] array (
  'host' => 'www.shinkan.com',
  'cookie' => 'think_var=zh-cn; PHPSESSID=c547bf41a699616c905ffe97978d4baf',
  'connection' => 'keep-alive',
  'upgrade-insecure-requests' => '1',
  'accept' => 'text/html,application/xhtml+xml,application/xml;q=0.9,*/*;q=0.8',
  'user-agent' => 'Mozilla/5.0 (Macintosh; Intel Mac OS X 10_13_4) AppleWebKit/605.1.15 (KHTML, like Gecko) Safari/522.0',
  'referer' => 'http://www.shinkan.com/blog/bloggit/public/index.php/admin/index/index',
  'accept-language' => 'zh-cn',
  'accept-encoding' => 'gzip, deflate',
)
[ info ] [ PARAM ] array (
)
[ info ] [ RUN ] Method [ <user> public method index ] {
  @@ /Users/hanjiaqi/Dev/shin/blog/bloggit/application/admin/controller/Login.php 7 - 24
}

[ info ] [ VIEW ] /Users/hanjiaqi/Dev/shin/blog/bloggit/public/../application/admin/view/login/login.htm [ array (
) ]
[ info ] [ LOG ] INIT File

---------------------------------------------------------------
[ 2018-05-21T20:42:56+08:00 ] 127.0.0.1 127.0.0.1 GET /blog/bloggit/public/index.php/captcha.html
[ log ] www.shinkan.com/blog/bloggit/public/index.php/captcha.html [运行时间：0.066701s][吞吐率：14.99req/s] [内存消耗：1,246.02kb] [文件加载：35]
[ info ] [ ROUTE ] array (
  'type' => 'method',
  'method' => 
  array (
    0 => '\\think\\captcha\\CaptchaController',
    1 => 'index',
  ),
)
[ info ] [ HEADER ] array (
  'host' => 'www.shinkan.com',
  'accept-encoding' => 'gzip, deflate',
  'cookie' => 'think_var=zh-cn; PHPSESSID=c547bf41a699616c905ffe97978d4baf',
  'connection' => 'keep-alive',
  'accept' => 'image/png,image/svg+xml,image/*;q=0.8,video/*;q=0.8,*/*;q=0.5',
  'user-agent' => 'Mozilla/5.0 (Macintosh; Intel Mac OS X 10_13_4) AppleWebKit/605.1.15 (KHTML, like Gecko) Safari/522.0',
  'accept-language' => 'zh-cn',
  'referer' => 'http://www.shinkan.com/blog/bloggit/public/index.php/admin/login/index.html',
  'cache-control' => 'max-age=0',
)
[ info ] [ PARAM ] array (
  'id' => NULL,
)
[ info ] [ RUN ] Method [ <user> public method index ] {
  @@ /Users/hanjiaqi/Dev/shin/blog/bloggit/vendor/topthink/think-captcha/src/CaptchaController.php 18 - 22

  - Parameters [1] {
    Parameter #0 [ <optional> $id = '' ]
  }
}

[ info ] [ LANG ] /Users/hanjiaqi/Dev/shin/blog/bloggit/thinkphp/lang/zh-cn.php
[ info ] [ LANG ] /Users/hanjiaqi/Dev/shin/blog/bloggit/thinkphp/lang/zh-cn.php
[ info ] [ LOG ] INIT File
[ error ] [0]致命错误: Call to undefined function think\captcha\imagettftext()[/Users/hanjiaqi/Dev/shin/blog/bloggit/vendor/topthink/think-captcha/src/Captcha.php:191]

---------------------------------------------------------------
[ 2018-05-21T20:57:28+08:00 ] 127.0.0.1 127.0.0.1 GET /blog/bloggit/public/index.php/admin/login/index.html
[ log ] www.shinkan.com/blog/bloggit/public/index.php/admin/login/index.html [运行时间：0.091842s][吞吐率：10.89req/s] [内存消耗：1,402.02kb] [文件加载：37]
[ info ] [ ROUTE ] array (
  'type' => 'module',
  'module' => 
  array (
    0 => 'admin',
    1 => 'login',
    2 => 'index',
  ),
)
[ info ] [ HEADER ] array (
  'host' => 'www.shinkan.com',
  'cookie' => 'think_var=zh-cn; PHPSESSID=c547bf41a699616c905ffe97978d4baf',
  'connection' => 'keep-alive',
  'upgrade-insecure-requests' => '1',
  'accept' => 'text/html,application/xhtml+xml,application/xml;q=0.9,*/*;q=0.8',
  'user-agent' => 'Mozilla/5.0 (Macintosh; Intel Mac OS X 10_13_4) AppleWebKit/605.1.15 (KHTML, like Gecko) Safari/522.0',
  'referer' => 'http://www.shinkan.com/blog/bloggit/public/index.php/admin/index/index',
  'accept-language' => 'zh-cn',
  'accept-encoding' => 'gzip, deflate',
)
[ info ] [ PARAM ] array (
)
[ info ] [ RUN ] Method [ <user> public method index ] {
  @@ /Users/hanjiaqi/Dev/shin/blog/bloggit/application/admin/controller/Login.php 7 - 24
}

[ info ] [ VIEW ] /Users/hanjiaqi/Dev/shin/blog/bloggit/public/../application/admin/view/login/login.htm [ array (
) ]
[ info ] [ LOG ] INIT File

---------------------------------------------------------------
[ 2018-05-21T20:57:28+08:00 ] 127.0.0.1 127.0.0.1 GET /blog/bloggit/public/index.php/captcha.html
[ log ] www.shinkan.com/blog/bloggit/public/index.php/captcha.html [运行时间：0.061914s][吞吐率：16.15req/s] [内存消耗：1,165.80kb] [文件加载：30]
[ info ] [ ROUTE ] array (
  'type' => 'method',
  'method' => 
  array (
    0 => '\\think\\captcha\\CaptchaController',
    1 => 'index',
  ),
)
[ info ] [ HEADER ] array (
  'host' => 'www.shinkan.com',
  'accept-encoding' => 'gzip, deflate',
  'cookie' => 'think_var=zh-cn; PHPSESSID=c547bf41a699616c905ffe97978d4baf',
  'connection' => 'keep-alive',
  'accept' => 'image/png,image/svg+xml,image/*;q=0.8,video/*;q=0.8,*/*;q=0.5',
  'user-agent' => 'Mozilla/5.0 (Macintosh; Intel Mac OS X 10_13_4) AppleWebKit/605.1.15 (KHTML, like Gecko) Safari/522.0',
  'accept-language' => 'zh-cn',
  'referer' => 'http://www.shinkan.com/blog/bloggit/public/index.php/admin/login/index.html',
  'cache-control' => 'max-age=0',
)
[ info ] [ PARAM ] array (
  'id' => NULL,
)
[ info ] [ RUN ] Method [ <user> public method index ] {
  @@ /Users/hanjiaqi/Dev/shin/blog/bloggit/vendor/topthink/think-captcha/src/CaptchaController.php 18 - 22

  - Parameters [1] {
    Parameter #0 [ <optional> $id = '' ]
  }
}

[ info ] [ SESSION ] INIT array (
  'id' => '',
  'var_session_id' => '',
  'prefix' => 'think',
  'type' => '',
  'auto_start' => true,
)
[ info ] [ LOG ] INIT File

---------------------------------------------------------------
